MuPDF error: unsupported error: cannot create appearance stream for Screen annotations

MuPDF error: unsupported error: cannot create appearance stream for Screen annotations

MuPDF error: unsupported error: cannot create appearance stream for Screen annotations

MuPDF error: unsupported error: cannot create appearance stream for Screen annotations

MuPDF error: unsupported error: cannot create appearance stream for Screen annotations

MuPDF error: unsupported error: cannot create appearance stream for Screen annotations

MuPDF error: unsupported error: cannot create appearance stream for Screen annotations

MuPDF error: unsupported error: cannot create appearance stream for Screen annotations

MuPDF error: unsupported error: cannot create appearance stream for Screen annotations

MuPDF error: unsupported error: cannot create appearance stream for Screen annotations

MuPDF error: unsupported error: cannot create appearance stream for Screen annotations

MuPDF error: unsupported error: cannot create appearance stream for Screen annotations

MuPDF error: unsupported error: cannot create appearance stream for Screen annotations

MuPDF error: unsupported error: cannot create appearance stream for Screen annotations

MuPDF error: unsupported error: cannot create appearance stream for Screen annotations

MuPDF error: unsupported error: cannot create appearance stream for Screen annotations

MuPDF error: unsupported error: cannot create appearance stream for Screen annotations

MuPDF error: unsupported error: cannot create appearance stream for Screen annotations

MuPDF error: unsupported error: cannot create appearance stream for Screen annotations

MuPDF error: unsupported error: cannot create appearance stream for Screen annotations

MuPDF error: unsupported error: cannot create appearance stream for Screen annotations

MuPDF error: unsupported error: cannot create appearance stream for Screen annotations

MuPDF error: unsupported error: cannot create appearance stream for Screen annotations

MuPDF error: unsupported error: cannot create appearance stream for Screen annotations

MuPDF error: unsupported error: cannot create appearance stream for Screen annotations

MuPDF error: unsupported error: cannot create appearance stream for Screen annotations

MuPDF error: unsupported error: cannot create appearance stream for Screen annotations

MuPDF error: unsupported error: cannot create appearance stream for Screen annotations

MuPDF error: unsupported error: cannot create appearance stream for Screen annotations

MuPDF error: unsupported error: cannot create appearance stream for Screen annotations

MuPDF error: unsupported error: cannot create appearance stream for Screen annotations

MuPDF error: unsupported error: cannot create appearance stream for Screen annotations

MuPDF error: unsupported error: cannot create appearance stream for Screen annotations

MuPDF error: unsupported error: cannot create appearance stream for Screen annotations

MuPDF error: unsupported error: cannot create appearance stream for Screen annotations

MuPDF error: unsupported error: cannot create appearance stream for Screen annotations

MuPDF error: unsupported error: cannot create appearance stream for Screen annotations

MuPDF error: unsupported error: cannot create appearance stream for Screen annotations

MuPDF error: unsupported error: cannot create appearance stream for Screen annotations

MuPDF error: unsupported error: cannot create appearance stream for Screen annotations

MuPDF error: unsupported error: cannot create appearance stream for Screen annotations

MuPDF error: unsupported error: cannot create appearance stream for Screen annotations

MuPDF error: unsupported error: cannot create appearance stream for Screen annotations

MuPDF error: unsupported error: cannot create appearance stream for Screen annotations

MuPDF error: unsupported error: cannot create appearance stream for Screen annotations

MuPDF error: unsupported error: cannot create appearance stream for Screen annotations

[1/298] dd7f08ed3679f01ee8f5369ab6428a5d-escience_2021_c slides=12 legal= 25 G7hits= 0
[2/298] 2d26da7748a3dbd8b67397a92c8c5af2-Pep talk HUM RD slides= 4 legal=  5 G7hits= 1  <<
[3/298] 14efb9f657739c56404e3153ecfdb4ed-Firenze_By_the_ slides=17 legal= 11 G7hits= 5  <<
[4/298] 4f3d7b173f1c35575764c79f77991bf7-DSpace-Anwender slides=14 legal=  5 G7hits= 4  <<
[5/298] 111b38372f3d11b8e80b2de288dcfbbc-NADDI2018_OpenC slides=14 legal= 22 G7hits= 6  <<
[6/298] 24c7f534ad481a923531a0d104cd41cd-18-0-Undrgound- slides=17 legal= 27 G7hits= 6  <<
[7/298] 45bd5a325ad3658660d88985af6bb630-VLSICS.pptx     slides= 4 legal=  8 G7hits= 0
[8/298] 5db677d1401085f2a24a784ac004fe9d-Virtual_Communi slides=21 legal= 28 G7hits= 3  <<
[9/298] 7893c6ad407b926d7081ea9765d7abd8-OpenData_ed_agr slides=19 legal= 46 G7hits= 9  <<
[10/298] 93cb7cf1ca9e0ca2f8e4ccc6f5cc0f16-WickesJupyterCo slides=44 legal= 77 G7hits= 3  <<
[11/298] af5a33afaa9cc8b005dee60847212354-0930-3-Comms-AT slides= 1 legal= 21 G7hits= 5  <<
[12/298] c9a39c94da0c9c9aba14bc7abe5dc3ab-TEPEREK_On a (c slides=16 legal= 17 G7hits= 4  <<
[13/298] e53f2bc941e1d7814b94598b5c0e6033-6_ZosiaBeckles. slides=13 legal= 27 G7hits= 8  <<
[14/298] 019b2c297b9932042f3faef6384032ea-Whitaker_Turing slides=84 legal= 96 G7hits=23  <<
MuPDF error: unsupported error: cannot create appearance stream for Screen annotations

MuPDF error: unsupported error: cannot create appearance stream for Screen annotations

[15/298] 0cbcfcd9c23ca792f03ac6a67df4bb90-Growing_Chemica slides=24 legal= 17 G7hits= 9  <<
[16/298] 164f0a769db4f856631627dbbf0e4563-20191211-gdrhyp slides=15 legal= 34 G7hits=17  <<
[17/298] 214fb3c09c9d8bb0da1cd9417d129007-MARCELA_SEB ver slides= 1 legal= 14 G7hits= 0
[18/298] 2bccf6120712320dd27b7b10504dfbfa-Totem project - slides= 9 legal= 20 G7hits= 1  <<
[19/298] 33db98739caf8e5e41a9655793d42376-20190321_Data S slides=37 legal= 46 G7hits=15  <<
[20/298] 40dcbd8d8fd14d989236e547967ae2c5-Graz-2019.pptx  slides=12 legal= 16 G7hits= 0
MuPDF error: unsupported error: cannot create appearance stream for Screen annotations

MuPDF error: unsupported error: cannot create appearance stream for Screen annotations

MuPDF error: unsupported error: cannot create appearance stream for Screen annotations

MuPDF error: unsupported error: cannot create appearance stream for Screen annotations

MuPDF error: unsupported error: cannot create appearance stream for Screen annotations

MuPDF error: unsupported error: cannot create appearance stream for Screen annotations

MuPDF error: unsupported error: cannot create appearance stream for Screen annotations

MuPDF error: unsupported error: cannot create appearance stream for Screen annotations

[21/298] 48257dd6937bee4e0a11651d7b581b22-Hsieh, SWiFT_DA slides=20 legal= 27 G7hits=19  <<
[22/298] 54c8f31642c1bb3d8036b7e67006f46c-designing fruit slides= 8 legal=  9 G7hits= 5  <<
[23/298] 608eda01679d6c0ccd813ee5379c0506-2019_Jul_ISMB C slides=23 legal= 35 G7hits= 6  <<
[24/298] 6a1b5f69882ce53a8acb0e6c42ab2a3c-Main CHADA intr slides=30 legal=115 G7hits= 3  <<
[25/298] 751accc28c7f4df17220dfab652c0de3-20190410_EMBO_W slides=56 legal= 49 G7hits=17  <<
[26/298] 7fb97390d6a1843a5031c7f3684c40d3-Dats6401-Indivi slides=16 legal= 18 G7hits= 4  <<
[27/298] 88edef112c080a34d41df9bf852f7c3d-Visibilité Et I slides=13 legal= 41 G7hits= 7  <<
[28/298] 9173fa270ea504cc05763c4b5a778c0c-Hjálmar_29Oct_C slides=50 legal= 77 G7hits=30  <<
[29/298] 9a3ec454ceabf9abe64ac04adc37dc49-Ambassador_webi slides=14 legal= 33 G7hits= 3  <<
[30/298] a0a5dd927c2b7ed37b7c3560688857aa-Strategy of Imp slides= 8 legal= 20 G7hits= 7  <<
[31/298] aa68088e3444b70145bd51873faaf39d-How open scienc slides=34 legal= 95 G7hits=30  <<
[32/298] b755c260b8a8a639cc3887c9760f1da1-Workshop_Bergen slides= 1 legal= 14 G7hits=11  <<
[33/298] c423a461c0fe5f00449ec48aecb5acef-Software-Lizenz slides=11 legal= 36 G7hits= 3  <<
MuPDF error: unsupported error: cannot create appearance stream for Screen annotations

MuPDF error: unsupported error: cannot create appearance stream for Screen annotations

[34/298] cf04a9b32b2b0bd682e8580bf04fe57c-6.10_Hofmeister slides=14 legal= 47 G7hits=29  <<
[35/298] d960f0d307f2043f9f7ab5b1786ad6f2-RDMinGLAM_Plovd slides=57 legal= 81 G7hits=41  <<
[36/298] e1259987c755315eff36470714594704-Whitaker_Turing slides=31 legal= 31 G7hits= 9  <<
[37/298] ef01b9412cce1404d4483cc9016ad8a2-Krutkowski_-_Be slides=16 legal= 17 G7hits= 2  <<
[38/298] fa4d8524fa17d48b4d5171ef40dc87c7-5.4_Nagle An LC slides=11 legal= 26 G7hits= 5  <<
MuPDF error: unsupported error: cannot create appearance stream for Screen annotations

MuPDF error: unsupported error: cannot create appearance stream for Screen annotations

[39/298] 03692ef0a1fb8deac0db5fb7169390ac-OPERANDUM_ITC_w slides=10 legal= 14 G7hits= 1  <<
MuPDF error: unsupported error: cannot create appearance stream for Screen annotations

MuPDF error: unsupported error: cannot create appearance stream for Screen annotations

[40/298] 082f15524a411c4e5b53f08f24baa1f1-GATuringPresent slides=15 legal= 27 G7hits= 9  <<
[41/298] 0e57205e2a64aaa79e2c0bff653c227e-NuevaANECATITUL slides=116 legal=198 G7hits=28  <<
[42/298] 14e217363c5f842a48355ac6b6300935-Living norway - slides=24 legal= 35 G7hits= 6  <<
[43/298] 1b63a48ace5fcec4444c34567b8ffbab-DPP2020_Dominik slides=22 legal=  1 G7hits= 0
MuPDF error: unsupported error: cannot create appearance stream for Screen annotations

MuPDF error: unsupported error: cannot create appearance stream for Screen annotations

[44/298] 211ee32c06fbd83dd0f30832adbb6088-CHEP2019_49.ppt slides=17 legal= 46 G7hits=15  <<
[45/298] 258426ac00bcabf37cb0708216a92672-SuplFig1revs.pp slides= 1 legal=  7 G7hits= 0
[46/298] 2a04b5904d1da78e8c1db621513ec3b0-Southan_BPS_Dec slides=10 legal=  3 G7hits= 1  <<
[47/298] 2e0e44e341f8d359e8796b03a1bd4580-CHEP2019_347.pp slides=24 legal= 42 G7hits=11  <<
[48/298] 3480d78f1fbecd7fff41f3467d48e398-Via_COVID19_202 slides=12 legal= 17 G7hits= 6  <<
[49/298] 3b9b3003c9ab5df1f966ef3ff03dbd6b-Slides.pptx     slides= 4 legal=  0 G7hits= 0
[50/298] 40bbca45f3387f6f0832785630c88550-OS_6_PhD_2020.p slides=65 legal= 36 G7hits=10  <<
[51/298] 468aa065927de47c49e5f5dc99e13d4e-FoKo - FDM, 14. slides=20 legal= 35 G7hits=20  <<
[52/298] 4c7691ce3ce1b28ef54dbecd04fa1136-2020-12-08-COPI slides=11 legal= 20 G7hits= 3  <<
[53/298] 50f41b2ee266ce26199c7784eee42ed0-Tim Causer Citi slides=17 legal= 11 G7hits= 2  <<
[54/298] 585f58a70495f95eb6c382f5e7fc2780-INES_WP4_Presen slides=11 legal= 21 G7hits= 9  <<
[55/298] 5caefc703cd3d52d269d04cbd690a06b-2020-02-19-TU-P slides=16 legal= 25 G7hits= 0
[56/298] 61ca54270e6fdbb8760fe39bcd799254-MetricsLiteraci slides=11 legal= 24 G7hits=20  <<
[57/298] 682b71906152a83578e4cbf838133629-AtelierBU_InfoI slides=35 legal= 95 G7hits=28  <<
[58/298] 6cfce68ba39ef3e1dd8557cebee75249-ODISSEI Portal  slides=14 legal= 23 G7hits=11  <<
[59/298] 72bd1bd15842488cc336eb9c0b9f43c1-Template_RJI_PP slides=17 legal= 19 G7hits= 4  <<
[60/298] 79d5c954b2a844377df995b27df26e71-CHEP2019_515.pp slides=26 legal= 41 G7hits=15  <<
[61/298] 7f7d68d6ffb33fe72b6c6ebc5187e4e3-Ch18 Transition slides=14 legal= 33 G7hits= 4  <<
[62/298] 845e0c60afa28a54323a4bc82d3224b3-Room_5_Rina_Kha slides= 6 legal= 20 G7hits= 4  <<
[63/298] 8aaef39744ada66eea54da4ac6b72940-PhD2020_OS_4.pp slides=53 legal= 53 G7hits=21  <<
[64/298] 906f773e2d550afc6ff9b4443243cc9e-PPT Revina Kami slides=10 legal= 14 G7hits= 6  <<
[65/298] 95e4c288b1e334d57b30eb639b9063d6-PPT Sriyono.ppt slides=10 legal= 14 G7hits= 2  <<
[66/298] 9d06bc809258d1ddbacdeb1d21e4bef3-0_Introduction. slides=34 legal= 69 G7hits=14  <<
[67/298] a61c2e31e458d9901a2cdcdbc2c35166-SSHOC at ICTeSS slides=25 legal= 23 G7hits=14  <<
[68/298] ad0d40448e95510f9f01867714d63c89-PPT_Tika Tazkya slides=11 legal=  0 G7hits= 0
[69/298] b2a1996369f250f6955ac5f5bb13a253-Time Machine_Ha slides=15 legal= 25 G7hits=11  <<
[70/298] b90d8b67e3bbe61c6b396465910ae725-EarthChem_Golds slides=39 legal= 85 G7hits= 8  <<
[71/298] bf8c1eec0414ac89964954c8a0d9b87f-A pilot on usag slides=10 legal= 23 G7hits= 8  <<
[72/298] c6bb31f00caadb672feacb7b3706ec09-OLS2 [Auto-save slides=19 legal= 31 G7hits=11  <<
[73/298] cd76420099ed8b03236721ad0752ae3f-Bhuiyan_Shabnam slides=11 legal= 18 G7hits= 4  <<
[74/298] d1a51dfe63cfe39e7f1cfb1ee56a6168-Ch08 Preparing  slides=13 legal= 29 G7hits= 4  <<
[75/298] d881b22029a4dcc1c9d0866981769b8b-CHEP2019_145.pp slides=16 legal= 63 G7hits= 8  <<
[76/298] def98893a5e4a59133c873ad139a52c1-SGibson_EuroPyt slides=38 legal= 96 G7hits=19  <<
[77/298] e2b9eed1f7c365ef934df52e8ce04980-Open Repositori slides=32 legal= 17 G7hits= 6  <<
[78/298] e72aeb2954d180bf0067aa8beda53a27-Alba Cosmica_Le slides=43 legal= 24 G7hits= 6  <<
[79/298] ed76d303f9f721a1f8d30fa74a77bdc6-SAMPL_conferenc slides=21 legal= 30 G7hits= 0
MuPDF error: unsupported error: cannot create appearance stream for Screen annotations

MuPDF error: unsupported error: cannot create appearance stream for Screen annotations

[80/298] f4bc00e9a3016f5c1cd1e77c90fb800f-Haustein_7AM-ke slides=19 legal= 55 G7hits=28  <<
[81/298] fb633ad20e7d73829df65e8344a90bfe-PPT JOURNAL LAD slides= 9 legal= 17 G7hits= 4  <<
MuPDF error: unsupported error: cannot create appearance stream for Screen annotations

MuPDF error: unsupported error: cannot create appearance stream for Screen annotations

MuPDF error: unsupported error: cannot create appearance stream for Screen annotations

MuPDF error: unsupported error: cannot create appearance stream for Screen annotations

  [ERR] 11d4ba1ff5275f4444e0e39fa85a6ded-2020_AGU.pptx: PackageNotFoundError: Package not found at '/home/gpus/datasets/zenodo10k/pptx/cc-by-4.0/2021/11d4ba1ff5275f4444e0e39fa85a6ded-2020_AGU.pptx'
[82/298] 009432dd0ded6c571f971a6e62468f78-Climate2Policy_ slides=11 legal= 10 G7hits= 0
[83/298] 061ac32dafb794d95f0a794aec8743ae-openscienceread slides= 9 legal= 26 G7hits=19  <<
[84/298] 0b0dcc52a8f7f109a231271e1a1fded0-2021_SS_Worksho slides=37 legal= 65 G7hits=31  <<
[86/298] 1717e5c9d06abdc6eac627e12d531ffa-de-RSE communit slides=35 legal= 25 G7hits= 5  <<
[87/298] 1c886a0bf8893f76af2c4f2f032ca79f-OS Café - ORE  slides= 7 legal= 13 G7hits= 2  <<
[88/298] 26d22937076486de441602df189f5c91-Photo album.ppt slides=10 legal= 10 G7hits= 0
[89/298] 2e10c337d77714af2735c8a71570dd9a-KGC Deck Outlin slides=15 legal= 28 G7hits=12  <<
[90/298] 34081d68ebc1628edecbf79b0e915717-National PID In slides=14 legal= 20 G7hits= 2  <<
[91/298] 3ad3099d9897e65835855f2dfc590550-基于《创建者与机构名称标识符》 slides=34 legal=101 G7hits=24  <<
[92/298] 433065620edfdfec6bf52dbccadaab93-20190918_DiverI slides= 1 legal=  8 G7hits= 4  <<
[93/298] 49e2f6754b9e81e36caef2292adc8a88-Horizon_Europe_ slides=14 legal=  8 G7hits= 7  <<
MuPDF error: unsupported error: cannot create appearance stream for Screen annotations

MuPDF error: unsupported error: cannot create appearance stream for Screen annotations

